<?xml version="1.0" encoding="UTF-8"?>
<testng-results ignored="0" total="1" passed="1" failed="0" skipped="0">
  <reporter-output>
  </reporter-output>
  <suite started-at="2021-02-16T09:30:53 IST" name="Default suite" finished-at="2021-02-16T09:31:01 IST" duration-ms="7546">
    <groups>
    </groups>
    <test started-at="2021-02-16T09:30:53 IST" name="Default test" finished-at="2021-02-16T09:31:01 IST" duration-ms="7546">
      <class name="autopractise.ExtentReport.ExternalReportsDemo">
        <test-method is-config="true" signature="config()[pri:0, instance:autopractise.ExtentReport.ExternalReportsDemo@1e6454ec]" started-at="2021-02-16T09:30:53 IST" name="config" finished-at="2021-02-16T09:30:53 IST" duration-ms="371" status="PASS">
          <reporter-output>
          </reporter-output>
        </test-method> <!-- config -->
        <test-method signature="intialDemo()[pri:0, instance:autopractise.ExtentReport.ExternalReportsDemo@1e6454ec]" started-at="2021-02-16T09:30:53 IST" name="intialDemo" finished-at="2021-02-16T09:31:01 IST" duration-ms="7119" status="PASS">
          <reporter-output>
          </reporter-output>
        </test-method> <!-- intialDemo -->
      </class> <!-- autopractise.ExtentReport.ExternalReportsDemo -->
    </test> <!-- Default test -->
  </suite> <!-- Default suite -->
</testng-results>
